0 info it worked if it ends with ok
1 verbose cli [ '/Users/justinbrillo/.nvm/versions/node/v4.4.1/bin/node',
1 verbose cli   '/Users/justinbrillo/.nvm/versions/node/v4.4.1/bin/npm',
1 verbose cli   'run',
1 verbose cli   'sync' ]
2 info using npm@3.10.6
3 info using node@v4.4.1
4 verbose config Skipping project config: /Users/justinbrillo/.npmrc. (matches userconfig)
5 verbose stack Error: ENOENT: no such file or directory, open '/Users/justinbrillo/package.json'
5 verbose stack     at Error (native)
6 verbose cwd /Users/justinbrillo/Documents/civic-hacking/2017_q2_team-sepsis/website
7 error Darwin 16.7.0
8 error argv "/Users/justinbrillo/.nvm/versions/node/v4.4.1/bin/node" "/Users/justinbrillo/.nvm/versions/node/v4.4.1/bin/npm" "run" "sync"
9 error node v4.4.1
10 error npm  v3.10.6
11 error path /Users/justinbrillo/package.json
12 error code ENOENT
13 error errno -2
14 error syscall open
15 error enoent ENOENT: no such file or directory, open '/Users/justinbrillo/package.json'
16 error enoent ENOENT: no such file or directory, open '/Users/justinbrillo/package.json'
16 error enoent This is most likely not a problem with npm itself
16 error enoent and is related to npm not being able to find a file.
17 verbose exit [ -2, true ]
